Using pre-set license
Built from '2021.3/staging' branch; Version is '2021.3.9f1 (ad3870b89536) revision 11352176'; Using compiler version '192829333'; Build Type 'Release'
OS: 'Windows 10  (10.0.19044) 64bit Education' Language: 'en' Physical Memory: 32660 MB
BatchMode: 1, IsHumanControllingUs: 0, StartBugReporterOnCrash: 0, Is64bit: 1, IsPro: 1

COMMAND LINE ARGUMENTS:
C:\Program Files\Unity\Hub\Editor\2021.3.9f1\Editor\Unity.exe
-adb2
-batchMode
-noUpm
-name
AssetImportWorker3
-projectPath
C:/Users/Nick/Desktop/Unity/Github/Test/module3-cardgames-katoghoul
-logFile
Logs/AssetImportWorker3.log
-srvPort
57073
Successfully changed project path to: C:/Users/Nick/Desktop/Unity/Github/Test/module3-cardgames-katoghoul
C:/Users/Nick/Desktop/Unity/Github/Test/module3-cardgames-katoghoul
[UnityMemory] Configuration Parameters - Can be set up in boot.config
    "memorysetup-bucket-allocator-granularity=16"
    "memorysetup-bucket-allocator-bucket-count=8"
    "memorysetup-bucket-allocator-block-size=33554432"
    "memorysetup-bucket-allocator-block-count=8"
    "memorysetup-main-allocator-block-size=16777216"
    "memorysetup-thread-allocator-block-size=16777216"
    "memorysetup-gfx-main-allocator-block-size=16777216"
    "memorysetup-gfx-thread-allocator-block-size=16777216"
    "memorysetup-cache-allocator-block-size=4194304"
    "memorysetup-typetree-allocator-block-size=2097152"
    "memorysetup-profiler-bucket-allocator-granularity=16"
    "memorysetup-profiler-bucket-allocator-bucket-count=8"
    "memorysetup-profiler-bucket-allocator-block-size=33554432"
    "memorysetup-profiler-bucket-allocator-block-count=8"
    "memorysetup-profiler-allocator-block-size=16777216"
    "memorysetup-profiler-editor-allocator-block-size=1048576"
    "memorysetup-temp-allocator-size-main=16777216"
    "memorysetup-job-temp-allocator-block-size=2097152"
    "memorysetup-job-temp-allocator-block-size-background=1048576"
    "memorysetup-job-temp-allocator-reduction-small-platforms=262144"
    "memorysetup-temp-allocator-size-background-worker=32768"
    "memorysetup-temp-allocator-size-job-worker=262144"
    "memorysetup-temp-allocator-size-preload-manager=33554432"
    "memorysetup-temp-allocator-size-nav-mesh-worker=65536"
    "memorysetup-temp-allocator-size-audio-worker=65536"
    "memorysetup-temp-allocator-size-cloud-worker=32768"
    "memorysetup-temp-allocator-size-gi-baking-worker=262144"
    "memorysetup-temp-allocator-size-gfx=262144"
Refreshing native plugins compatible for Editor in 29.93 ms, found 2 plugins.
Preloading 0 native plugins for Editor in 0.00 ms.
Initialize engine version: 2021.3.9f1 (ad3870b89536)
[Subsystems] Discovering subsystems at path C:/Program Files/Unity/Hub/Editor/2021.3.9f1/Editor/Data/Resources/UnitySubsystems
[Subsystems] Discovering subsystems at path C:/Users/Nick/Desktop/Unity/Github/Test/module3-cardgames-katoghoul/Assets
GfxDevice: creating device client; threaded=0; jobified=0
Direct3D:
    Version:  Direct3D 11.0 [level 11.1]
    Renderer: AMD Radeon RX 6800 XT (ID=0x73bf)
    Vendor:   ATI
    VRAM:     16338 MB
    Driver:   31.0.12019.11001
Initialize mono
Mono path[0] = 'C:/Program Files/Unity/Hub/Editor/2021.3.9f1/Editor/Data/Managed'
Mono path[1] = 'C:/Program Files/Unity/Hub/Editor/2021.3.9f1/Editor/Data/MonoBleedingEdge/lib/mono/unityjit-win32'
Mono config path = 'C:/Program Files/Unity/Hub/Editor/2021.3.9f1/Editor/Data/MonoBleedingEdge/etc'
Using monoOptions --debugger-agent=transport=dt_socket,embedding=1,server=y,suspend=n,address=127.0.0.1:56920
Begin MonoManager ReloadAssembly
Registering precompiled unity dll's ...
Register platform support module: C:/Program Files/Unity/Hub/Editor/2021.3.9f1/Editor/Data/PlaybackEngines/WebGLSupport/UnityEditor.WebGL.Extensions.dll
Register platform support module: C:/Program Files/Unity/Hub/Editor/2021.3.9f1/Editor/Data/PlaybackEngines/WindowsStandaloneSupport/UnityEditor.WindowsStandalone.Extensions.dll
Registered in 0.006651 seconds.
Native extension for WindowsStandalone target not found
Native extension for WebGL target not found
Refreshing native plugins compatible for Editor in 24.04 ms, found 2 plugins.
Preloading 0 native plugins for Editor in 0.00 ms.
Mono: successfully reloaded assembly
- Completed reload, in  0.476 seconds
Domain Reload Profiling:
	ReloadAssembly (476ms)
		BeginReloadAssembly (69ms)
			ExecutionOrderSort (0ms)
			DisableScriptedObjects (0ms)
			BackupInstance (0ms)
			ReleaseScriptingObjects (0ms)
			CreateAndSetChildDomain (1ms)
		EndReloadAssembly (318ms)
			LoadAssemblies (66ms)
			RebuildTransferFunctionScriptingTraits (0ms)
			SetupTypeCache (80ms)
			ReleaseScriptCaches (0ms)
			RebuildScriptCaches (21ms)
			SetupLoadedEditorAssemblies (178ms)
				LogAssemblyErrors (0ms)
				InitializePlatformSupportModulesInManaged (7ms)
				SetLoadedEditorAssemblies (0ms)
				RefreshPlugins (24ms)
				BeforeProcessingInitializeOnLoad (1ms)
				ProcessInitializeOnLoadAttributes (110ms)
				ProcessInitializeOnLoadMethodAttributes (35ms)
				AfterProcessingInitializeOnLoad (0ms)
				EditorAssembliesLoaded (0ms)
			ExecutionOrderSort2 (0ms)
			AwakeInstancesAfterBackupRestoration (0ms)
Platform modules already initialized, skipping
Registering precompiled user dll's ...
Registered in 0.004786 seconds.
Begin MonoManager ReloadAssembly
Native extension for WindowsStandalone target not found
Native extension for WebGL target not found
Refreshing native plugins compatible for Editor in 0.34 ms, found 2 plugins.
Preloading 0 native plugins for Editor in 0.00 ms.
Mono: successfully reloaded assembly
- Completed reload, in  0.704 seconds
Domain Reload Profiling:
	ReloadAssembly (705ms)
		BeginReloadAssembly (85ms)
			ExecutionOrderSort (0ms)
			DisableScriptedObjects (5ms)
			BackupInstance (0ms)
			ReleaseScriptingObjects (0ms)
			CreateAndSetChildDomain (14ms)
		EndReloadAssembly (526ms)
			LoadAssemblies (60ms)
			RebuildTransferFunctionScriptingTraits (0ms)
			SetupTypeCache (148ms)
			ReleaseScriptCaches (0ms)
			RebuildScriptCaches (32ms)
			SetupLoadedEditorAssemblies (254ms)
				LogAssemblyErrors (0ms)
				InitializePlatformSupportModulesInManaged (6ms)
				SetLoadedEditorAssemblies (0ms)
				RefreshPlugins (0ms)
				BeforeProcessingInitializeOnLoad (56ms)
				ProcessInitializeOnLoadAttributes (163ms)
				ProcessInitializeOnLoadMethodAttributes (21ms)
				AfterProcessingInitializeOnLoad (8ms)
				EditorAssembliesLoaded (0ms)
			ExecutionOrderSort2 (0ms)
			AwakeInstancesAfterBackupRestoration (6ms)
Platform modules already initialized, skipping
========================================================================
Worker process is ready to serve import requests
Launched and connected shader compiler UnityShaderCompiler.exe after 0.03 seconds
Refreshing native plugins compatible for Editor in 0.37 ms, found 2 plugins.
Preloading 0 native plugins for Editor in 0.00 ms.
Unloading 2152 Unused Serialized files (Serialized files now loaded: 0)
Unloading 24 unused Assets / (55.4 KB). Loaded Objects now: 2612.
Memory consumption went from 98.6 MB to 98.6 MB.
Total: 2.118000 ms (FindLiveObjects: 0.143300 ms CreateObjectMapping: 0.091000 ms MarkObjects: 1.838300 ms  DeleteObjects: 0.044800 ms)

AssetImportParameters requested are different than current active one (requested -> active):
  custom:video-decoder-ogg-theora: a1e56fd34408186e4bbccfd4996cb3dc -> 
  custom:container-muxer-webm: aa71ff27fc2769a1b78a27578f13a17b -> 
  custom:container-demuxer-webm: 4f35f7cbe854078d1ac9338744f61a02 -> 
  custom:video-encoder-webm-vp8: eb34c28f22e8b96e1ab97ce403110664 -> 
  custom:audio-encoder-webm-vorbis: bf7c407c2cedff20999df2af8eb42d56 -> 
  custom:framework-win-MediaFoundation: 216162199b28c13a410421893ffa2e32 -> 
  custom:container-demuxer-ogg: 62fdf1f143b41e24485cea50d1cbac27 -> 
  custom:video-decoder-webm-vp8: 9c59270c3fd7afecdb556c50c9e8de78 -> 
  custom:audio-decoder-ogg-vorbis: bf7c407c2cedff20999df2af8eb42d56 -> 
========================================================================
Received Import Request.
  Time since last request: 6402.984922 seconds.
  path: Assets/OtherGame/Sprites/Letters.png
  artifactKey: Guid(c562e73e6d139ae4aa3d35298c74bbef) Importer(815301076,1909f56bfc062723c751e8b465ee728b)
Start importing Assets/OtherGame/Sprites/Letters.png using Guid(c562e73e6d139ae4aa3d35298c74bbef) Importer(815301076,1909f56bfc062723c751e8b465ee728b)  -> (artifact id: '308172b11e73fe86c20070614a0de2eb') in 0.112941 seconds 
========================================================================
Received Import Request.
  Time since last request: 6.573540 seconds.
  path: Assets/OtherGame/Sprites/_Sprites/Card_Front_Gold.png
  artifactKey: Guid(5d89d7d4c5d4ef942a223dfb7811f644) Importer(815301076,1909f56bfc062723c751e8b465ee728b)
Start importing Assets/OtherGame/Sprites/_Sprites/Card_Front_Gold.png using Guid(5d89d7d4c5d4ef942a223dfb7811f644) Importer(815301076,1909f56bfc062723c751e8b465ee728b)  -> (artifact id: 'dcd77d09d9c59a34f25402c3130cdf5a') in 0.016371 seconds 
========================================================================
Received Import Request.
  Time since last request: 0.000030 seconds.
  path: Assets/OtherGame/Sprites/_Sprites/Club.png
  artifactKey: Guid(bd0da8916c352a04f852e187f5c6f357) Importer(815301076,1909f56bfc062723c751e8b465ee728b)
Start importing Assets/OtherGame/Sprites/_Sprites/Club.png using Guid(bd0da8916c352a04f852e187f5c6f357) Importer(815301076,1909f56bfc062723c751e8b465ee728b)  -> (artifact id: '49c612343bdb0c6f59691382e2807f73') in 0.006899 seconds 
========================================================================
Received Import Request.
  Time since last request: 0.000013 seconds.
  path: Assets/OtherGame/Sprites/_Sprites/Letters.png
  artifactKey: Guid(939f3c4dba01c52499975ef88cac52a8) Importer(815301076,1909f56bfc062723c751e8b465ee728b)
Start importing Assets/OtherGame/Sprites/_Sprites/Letters.png using Guid(939f3c4dba01c52499975ef88cac52a8) Importer(815301076,1909f56bfc062723c751e8b465ee728b)  -> (artifact id: '9b19c1fa8ced15081688e8040a1a0f9e') in 0.040320 seconds 
========================================================================
Received Import Request.
  Time since last request: 0.000015 seconds.
  path: Assets/OtherGame/Sprites/_Sprites/Heart.png
  artifactKey: Guid(2cc834eda8f6d3f4ba6eaee283deb785) Importer(815301076,1909f56bfc062723c751e8b465ee728b)
Start importing Assets/OtherGame/Sprites/_Sprites/Heart.png using Guid(2cc834eda8f6d3f4ba6eaee283deb785) Importer(815301076,1909f56bfc062723c751e8b465ee728b)  -> (artifact id: 'd5681dbecfef3e9794512cd4a36b7061') in 0.008444 seconds 
========================================================================
Received Import Request.
  Time since last request: 0.000016 seconds.
  path: Assets/OtherGame/Sprites/_Sprites/FaceCard_13S.png
  artifactKey: Guid(bfb8e808f8c365647ba1f2910a48e342) Importer(815301076,1909f56bfc062723c751e8b465ee728b)
Start importing Assets/OtherGame/Sprites/_Sprites/FaceCard_13S.png using Guid(bfb8e808f8c365647ba1f2910a48e342) Importer(815301076,1909f56bfc062723c751e8b465ee728b)  -> (artifact id: 'b221e868d115832d4f25ae163c9c5a82') in 0.015787 seconds 
========================================================================
Received Import Request.
  Time since last request: 28.867498 seconds.
  path: Assets/Prospector/_Sprites/FaceCard_13D 1.png
  artifactKey: Guid(cf4fec752f9612143a872c5979beae88) Importer(815301076,1909f56bfc062723c751e8b465ee728b)
Start importing Assets/Prospector/_Sprites/FaceCard_13D 1.png using Guid(cf4fec752f9612143a872c5979beae88) Importer(815301076,1909f56bfc062723c751e8b465ee728b)  -> (artifact id: 'efdbe4e9559a4265128a7a4b7009fe77') in 0.018217 seconds 
========================================================================
Received Import Request.
  Time since last request: 121.983194 seconds.
  path: Assets/OtherGame/Sprites/FaceCard_11D.png
  artifactKey: Guid(5a1ff67f34e01ce4f8b41497d7ee43f4) Importer(815301076,1909f56bfc062723c751e8b465ee728b)
Start importing Assets/OtherGame/Sprites/FaceCard_11D.png using Guid(5a1ff67f34e01ce4f8b41497d7ee43f4) Importer(815301076,1909f56bfc062723c751e8b465ee728b)  -> (artifact id: '64a21cd8e593aee62fad5a9a081b944a') in 0.016167 seconds 
========================================================================
Received Import Request.
  Time since last request: 0.000075 seconds.
  path: Assets/OtherGame/Sprites/FaceCard_13S.png
  artifactKey: Guid(a979ab6915f25c64ab8b93e3cb9cb19e) Importer(815301076,1909f56bfc062723c751e8b465ee728b)
Start importing Assets/OtherGame/Sprites/FaceCard_13S.png using Guid(a979ab6915f25c64ab8b93e3cb9cb19e) Importer(815301076,1909f56bfc062723c751e8b465ee728b)  -> (artifact id: 'a9b16fc67a1807fe10696037c3eabf13') in 0.016407 seconds 
========================================================================
Received Import Request.
  Time since last request: 0.000013 seconds.
  path: Assets/OtherGame/Sprites/FaceCard_12D.png
  artifactKey: Guid(166fa5ec0722fb247ba3a244ab87060a) Importer(815301076,1909f56bfc062723c751e8b465ee728b)
Start importing Assets/OtherGame/Sprites/FaceCard_12D.png using Guid(166fa5ec0722fb247ba3a244ab87060a) Importer(815301076,1909f56bfc062723c751e8b465ee728b)  -> (artifact id: 'c948a7604af83ebdee860cbe71ac26a5') in 0.016482 seconds 
========================================================================
Received Import Request.
  Time since last request: 0.000014 seconds.
  path: Assets/OtherGame/Sprites/FaceCard_13D.png
  artifactKey: Guid(dabd3ee31f4c2a74e94e36ff1aa33c3b) Importer(815301076,1909f56bfc062723c751e8b465ee728b)
Start importing Assets/OtherGame/Sprites/FaceCard_13D.png using Guid(dabd3ee31f4c2a74e94e36ff1aa33c3b) Importer(815301076,1909f56bfc062723c751e8b465ee728b)  -> (artifact id: 'be71f058ff8a38aa9da7cc26a05a465e') in 0.013301 seconds 
========================================================================
Received Import Request.
  Time since last request: 0.000015 seconds.
  path: Assets/OtherGame/Sprites/FaceCard_12C.png
  artifactKey: Guid(8421516c3eed234458f11c289c6a36e7) Importer(815301076,1909f56bfc062723c751e8b465ee728b)
Start importing Assets/OtherGame/Sprites/FaceCard_12C.png using Guid(8421516c3eed234458f11c289c6a36e7) Importer(815301076,1909f56bfc062723c751e8b465ee728b)  -> (artifact id: 'f5e60ccc3a8db843666ebc433b340a6a') in 0.015208 seconds 
========================================================================
Received Import Request.
  Time since last request: 0.000014 seconds.
  path: Assets/OtherGame/Sprites/FaceCard_11H.png
  artifactKey: Guid(351c47f077b3404499c54ec0f3136090) Importer(815301076,1909f56bfc062723c751e8b465ee728b)
Start importing Assets/OtherGame/Sprites/FaceCard_11H.png using Guid(351c47f077b3404499c54ec0f3136090) Importer(815301076,1909f56bfc062723c751e8b465ee728b)  -> (artifact id: '4982ddcfe035fc9f47b20e1ce9eb84f7') in 0.015581 seconds 
Editor requested this worker to shutdown with reason: Scaling down because of idle timeout
AssetImportWorker is now disconnected from the server
Process exiting
Exiting without the bug reporter. Application will terminate with return code 0