Using pre-set license
Built from '2021.3/staging' branch; Version is '2021.3.9f1 (ad3870b89536) revision 11352176'; Using compiler version '192829333'; Build Type 'Release'
OS: 'Windows 10  (10.0.19044) 64bit Education' Language: 'en' Physical Memory: 32660 MB
BatchMode: 1, IsHumanControllingUs: 0, StartBugReporterOnCrash: 0, Is64bit: 1, IsPro: 1

COMMAND LINE ARGUMENTS:
C:\Program Files\Unity\Hub\Editor\2021.3.9f1\Editor\Unity.exe
-adb2
-batchMode
-noUpm
-name
AssetImportWorker2
-projectPath
C:/Users/Nick/Desktop/Unity/Github/Test/module3-cardgames-katoghoul
-logFile
Logs/AssetImportWorker2.log
-srvPort
57073
Successfully changed project path to: C:/Users/Nick/Desktop/Unity/Github/Test/module3-cardgames-katoghoul
C:/Users/Nick/Desktop/Unity/Github/Test/module3-cardgames-katoghoul
[UnityMemory] Configuration Parameters - Can be set up in boot.config
    "memorysetup-bucket-allocator-granularity=16"
    "memorysetup-bucket-allocator-bucket-count=8"
    "memorysetup-bucket-allocator-block-size=33554432"
    "memorysetup-bucket-allocator-block-count=8"
    "memorysetup-main-allocator-block-size=16777216"
    "memorysetup-thread-allocator-block-size=16777216"
    "memorysetup-gfx-main-allocator-block-size=16777216"
    "memorysetup-gfx-thread-allocator-block-size=16777216"
    "memorysetup-cache-allocator-block-size=4194304"
    "memorysetup-typetree-allocator-block-size=2097152"
    "memorysetup-profiler-bucket-allocator-granularity=16"
    "memorysetup-profiler-bucket-allocator-bucket-count=8"
    "memorysetup-profiler-bucket-allocator-block-size=33554432"
    "memorysetup-profiler-bucket-allocator-block-count=8"
    "memorysetup-profiler-allocator-block-size=16777216"
    "memorysetup-profiler-editor-allocator-block-size=1048576"
    "memorysetup-temp-allocator-size-main=16777216"
    "memorysetup-job-temp-allocator-block-size=2097152"
    "memorysetup-job-temp-allocator-block-size-background=1048576"
    "memorysetup-job-temp-allocator-reduction-small-platforms=262144"
    "memorysetup-temp-allocator-size-background-worker=32768"
    "memorysetup-temp-allocator-size-job-worker=262144"
    "memorysetup-temp-allocator-size-preload-manager=33554432"
    "memorysetup-temp-allocator-size-nav-mesh-worker=65536"
    "memorysetup-temp-allocator-size-audio-worker=65536"
    "memorysetup-temp-allocator-size-cloud-worker=32768"
    "memorysetup-temp-allocator-size-gi-baking-worker=262144"
    "memorysetup-temp-allocator-size-gfx=262144"
Refreshing native plugins compatible for Editor in 28.00 ms, found 2 plugins.
Preloading 0 native plugins for Editor in 0.00 ms.
Initialize engine version: 2021.3.9f1 (ad3870b89536)
[Subsystems] Discovering subsystems at path C:/Program Files/Unity/Hub/Editor/2021.3.9f1/Editor/Data/Resources/UnitySubsystems
[Subsystems] Discovering subsystems at path C:/Users/Nick/Desktop/Unity/Github/Test/module3-cardgames-katoghoul/Assets
GfxDevice: creating device client; threaded=0; jobified=0
Direct3D:
    Version:  Direct3D 11.0 [level 11.1]
    Renderer: AMD Radeon RX 6800 XT (ID=0x73bf)
    Vendor:   ATI
    VRAM:     16338 MB
    Driver:   31.0.12019.11001
Initialize mono
Mono path[0] = 'C:/Program Files/Unity/Hub/Editor/2021.3.9f1/Editor/Data/Managed'
Mono path[1] = 'C:/Program Files/Unity/Hub/Editor/2021.3.9f1/Editor/Data/MonoBleedingEdge/lib/mono/unityjit-win32'
Mono config path = 'C:/Program Files/Unity/Hub/Editor/2021.3.9f1/Editor/Data/MonoBleedingEdge/etc'
Using monoOptions --debugger-agent=transport=dt_socket,embedding=1,server=y,suspend=n,address=127.0.0.1:56344
Begin MonoManager ReloadAssembly
Registering precompiled unity dll's ...
Register platform support module: C:/Program Files/Unity/Hub/Editor/2021.3.9f1/Editor/Data/PlaybackEngines/WebGLSupport/UnityEditor.WebGL.Extensions.dll
Register platform support module: C:/Program Files/Unity/Hub/Editor/2021.3.9f1/Editor/Data/PlaybackEngines/WindowsStandaloneSupport/UnityEditor.WindowsStandalone.Extensions.dll
Registered in 0.006721 seconds.
Native extension for WindowsStandalone target not found
Native extension for WebGL target not found
Refreshing native plugins compatible for Editor in 24.95 ms, found 2 plugins.
Preloading 0 native plugins for Editor in 0.00 ms.
Mono: successfully reloaded assembly
- Completed reload, in  0.478 seconds
Domain Reload Profiling:
	ReloadAssembly (478ms)
		BeginReloadAssembly (69ms)
			ExecutionOrderSort (0ms)
			DisableScriptedObjects (0ms)
			BackupInstance (0ms)
			ReleaseScriptingObjects (0ms)
			CreateAndSetChildDomain (1ms)
		EndReloadAssembly (320ms)
			LoadAssemblies (67ms)
			RebuildTransferFunctionScriptingTraits (0ms)
			SetupTypeCache (80ms)
			ReleaseScriptCaches (0ms)
			RebuildScriptCaches (21ms)
			SetupLoadedEditorAssemblies (178ms)
				LogAssemblyErrors (0ms)
				InitializePlatformSupportModulesInManaged (7ms)
				SetLoadedEditorAssemblies (0ms)
				RefreshPlugins (25ms)
				BeforeProcessingInitializeOnLoad (1ms)
				ProcessInitializeOnLoadAttributes (109ms)
				ProcessInitializeOnLoadMethodAttributes (35ms)
				AfterProcessingInitializeOnLoad (0ms)
				EditorAssembliesLoaded (0ms)
			ExecutionOrderSort2 (0ms)
			AwakeInstancesAfterBackupRestoration (0ms)
Platform modules already initialized, skipping
Registering precompiled user dll's ...
Registered in 0.004746 seconds.
Begin MonoManager ReloadAssembly
Native extension for WindowsStandalone target not found
Native extension for WebGL target not found
Refreshing native plugins compatible for Editor in 0.34 ms, found 2 plugins.
Preloading 0 native plugins for Editor in 0.00 ms.
Mono: successfully reloaded assembly
- Completed reload, in  0.706 seconds
Domain Reload Profiling:
	ReloadAssembly (706ms)
		BeginReloadAssembly (85ms)
			ExecutionOrderSort (0ms)
			DisableScriptedObjects (5ms)
			BackupInstance (0ms)
			ReleaseScriptingObjects (0ms)
			CreateAndSetChildDomain (14ms)
		EndReloadAssembly (528ms)
			LoadAssemblies (61ms)
			RebuildTransferFunctionScriptingTraits (0ms)
			SetupTypeCache (149ms)
			ReleaseScriptCaches (0ms)
			RebuildScriptCaches (32ms)
			SetupLoadedEditorAssemblies (254ms)
				LogAssemblyErrors (0ms)
				InitializePlatformSupportModulesInManaged (6ms)
				SetLoadedEditorAssemblies (0ms)
				RefreshPlugins (0ms)
				BeforeProcessingInitializeOnLoad (54ms)
				ProcessInitializeOnLoadAttributes (165ms)
				ProcessInitializeOnLoadMethodAttributes (21ms)
				AfterProcessingInitializeOnLoad (8ms)
				EditorAssembliesLoaded (0ms)
			ExecutionOrderSort2 (0ms)
			AwakeInstancesAfterBackupRestoration (6ms)
Platform modules already initialized, skipping
========================================================================
Worker process is ready to serve import requests
Launched and connected shader compiler UnityShaderCompiler.exe after 0.03 seconds
Refreshing native plugins compatible for Editor in 0.36 ms, found 2 plugins.
Preloading 0 native plugins for Editor in 0.00 ms.
Unloading 2152 Unused Serialized files (Serialized files now loaded: 0)
Unloading 24 unused Assets / (55.4 KB). Loaded Objects now: 2612.
Memory consumption went from 98.7 MB to 98.6 MB.
Total: 2.359700 ms (FindLiveObjects: 0.162600 ms CreateObjectMapping: 0.102700 ms MarkObjects: 2.042500 ms  DeleteObjects: 0.051200 ms)

AssetImportParameters requested are different than current active one (requested -> active):
  custom:video-decoder-ogg-theora: a1e56fd34408186e4bbccfd4996cb3dc -> 
  custom:container-muxer-webm: aa71ff27fc2769a1b78a27578f13a17b -> 
  custom:container-demuxer-webm: 4f35f7cbe854078d1ac9338744f61a02 -> 
  custom:video-encoder-webm-vp8: eb34c28f22e8b96e1ab97ce403110664 -> 
  custom:audio-encoder-webm-vorbis: bf7c407c2cedff20999df2af8eb42d56 -> 
  custom:framework-win-MediaFoundation: 216162199b28c13a410421893ffa2e32 -> 
  custom:container-demuxer-ogg: 62fdf1f143b41e24485cea50d1cbac27 -> 
  custom:video-decoder-webm-vp8: 9c59270c3fd7afecdb556c50c9e8de78 -> 
  custom:audio-decoder-ogg-vorbis: bf7c407c2cedff20999df2af8eb42d56 -> 
========================================================================
Received Import Request.
  Time since last request: 6402.984495 seconds.
  path: Assets/OtherGame/Sprites/Club.png
  artifactKey: Guid(69741c830b96dc4469482128a1a96b89) Importer(815301076,1909f56bfc062723c751e8b465ee728b)
Start importing Assets/OtherGame/Sprites/Club.png using Guid(69741c830b96dc4469482128a1a96b89) Importer(815301076,1909f56bfc062723c751e8b465ee728b)  -> (artifact id: 'c6c61aa8fc037c11b156a9270b0878ca') in 0.093504 seconds 
========================================================================
Received Import Request.
  Time since last request: 6.059758 seconds.
  path: Assets/OtherGame/Sprites/_Sprites
  artifactKey: Guid(13023e24202f77140997fdb4b36077c7) Importer(815301076,1909f56bfc062723c751e8b465ee728b)
Start importing Assets/OtherGame/Sprites/_Sprites using Guid(13023e24202f77140997fdb4b36077c7) Importer(815301076,1909f56bfc062723c751e8b465ee728b)  -> (artifact id: '59850446c51d0fff17014fd65453b966') in 0.001538 seconds 
========================================================================
Received Import Request.
  Time since last request: 0.529220 seconds.
  path: Assets/OtherGame/Sprites/_Sprites/Card_Back.png
  artifactKey: Guid(8f638380840a57849aff2ae41db1ca3c) Importer(815301076,1909f56bfc062723c751e8b465ee728b)
Start importing Assets/OtherGame/Sprites/_Sprites/Card_Back.png using Guid(8f638380840a57849aff2ae41db1ca3c) Importer(815301076,1909f56bfc062723c751e8b465ee728b)  -> (artifact id: '5a322e8bbad0bcc08c74995f6152b40a') in 0.016228 seconds 
========================================================================
Received Import Request.
  Time since last request: 0.000014 seconds.
  path: Assets/OtherGame/Sprites/_Sprites/FaceCard_11D.png
  artifactKey: Guid(ed14a224962af594e9ae3c16c78fde90) Importer(815301076,1909f56bfc062723c751e8b465ee728b)
Start importing Assets/OtherGame/Sprites/_Sprites/FaceCard_11D.png using Guid(ed14a224962af594e9ae3c16c78fde90) Importer(815301076,1909f56bfc062723c751e8b465ee728b)  -> (artifact id: 'd3fc2851cff1d078f41b54e2e93a92ba') in 0.014549 seconds 
========================================================================
Received Import Request.
  Time since last request: 0.000017 seconds.
  path: Assets/OtherGame/Sprites/_Sprites/Diamond.png
  artifactKey: Guid(c7f9362cedc3ccb48ad8d9e33b5efab4) Importer(815301076,1909f56bfc062723c751e8b465ee728b)
Start importing Assets/OtherGame/Sprites/_Sprites/Diamond.png using Guid(c7f9362cedc3ccb48ad8d9e33b5efab4) Importer(815301076,1909f56bfc062723c751e8b465ee728b)  -> (artifact id: 'bc7c45939ed4303cd279b3e21ebb627d') in 0.008453 seconds 
========================================================================
Received Import Request.
  Time since last request: 0.000013 seconds.
  path: Assets/OtherGame/Sprites/_Sprites/FaceCard_12H.png
  artifactKey: Guid(c3bdb0b553477e34480f89e76149ee56) Importer(815301076,1909f56bfc062723c751e8b465ee728b)
Start importing Assets/OtherGame/Sprites/_Sprites/FaceCard_12H.png using Guid(c3bdb0b553477e34480f89e76149ee56) Importer(815301076,1909f56bfc062723c751e8b465ee728b)  -> (artifact id: '4ce5b1e735b7d39158a23fca7eea4985') in 0.016149 seconds 
========================================================================
Received Import Request.
  Time since last request: 0.000015 seconds.
  path: Assets/OtherGame/Sprites/_Sprites/Spade.png
  artifactKey: Guid(95194db9fe90ca043b8e4fde5068de9a) Importer(815301076,1909f56bfc062723c751e8b465ee728b)
Start importing Assets/OtherGame/Sprites/_Sprites/Spade.png using Guid(95194db9fe90ca043b8e4fde5068de9a) Importer(815301076,1909f56bfc062723c751e8b465ee728b)  -> (artifact id: 'aaa476a89e3d984acafcbff516e5fbbc') in 0.007639 seconds 
========================================================================
Received Import Request.
  Time since last request: 0.000012 seconds.
  path: Assets/OtherGame/Sprites/_Sprites/FaceCard_13C.png
  artifactKey: Guid(70c18b9def8e6c54aa728ddc91696b2f) Importer(815301076,1909f56bfc062723c751e8b465ee728b)
Start importing Assets/OtherGame/Sprites/_Sprites/FaceCard_13C.png using Guid(70c18b9def8e6c54aa728ddc91696b2f) Importer(815301076,1909f56bfc062723c751e8b465ee728b)  -> (artifact id: 'c1a3774b0d62ed9caae53aa1f9fbcca6') in 0.015923 seconds 
========================================================================
Received Import Request.
  Time since last request: 0.000013 seconds.
  path: Assets/OtherGame/Sprites/_Sprites/FaceCard_11H.png
  artifactKey: Guid(351f0266a41e91b459f640f789ad29bd) Importer(815301076,1909f56bfc062723c751e8b465ee728b)
Start importing Assets/OtherGame/Sprites/_Sprites/FaceCard_11H.png using Guid(351f0266a41e91b459f640f789ad29bd) Importer(815301076,1909f56bfc062723c751e8b465ee728b)  -> (artifact id: 'bf3950c22fa8fc3ffc0cb81fe9ab6c89') in 0.016899 seconds 
========================================================================
Received Import Request.
  Time since last request: 18.052558 seconds.
  path: Assets/Prospector/_Prefabs/PrefabCard.prefab
  artifactKey: Guid(ee93767be21efa14eaa16db1093e90b5) Importer(815301076,1909f56bfc062723c751e8b465ee728b)
Start importing Assets/Prospector/_Prefabs/PrefabCard.prefab using Guid(ee93767be21efa14eaa16db1093e90b5) Importer(815301076,1909f56bfc062723c751e8b465ee728b)  -> (artifact id: '21712b74126b32e01084df9b77ab7653') in 0.067002 seconds 
========================================================================
Received Import Request.
  Time since last request: 10.730831 seconds.
  path: Assets/Prospector/_Sprites/FaceCard_12H 1.png
  artifactKey: Guid(0fefa532145569248aa4a7b07419b5bb) Importer(815301076,1909f56bfc062723c751e8b465ee728b)
Start importing Assets/Prospector/_Sprites/FaceCard_12H 1.png using Guid(0fefa532145569248aa4a7b07419b5bb) Importer(815301076,1909f56bfc062723c751e8b465ee728b)  -> (artifact id: 'cc5a9d393c2411c07071b44d6d0ae4a0') in 0.015475 seconds 
========================================================================
Received Import Request.
  Time since last request: 0.000047 seconds.
  path: Assets/Prospector/_Sprites/FaceCard_13H 1.png
  artifactKey: Guid(a0ae7d8b0eac9704cb61d7a18ec957ab) Importer(815301076,1909f56bfc062723c751e8b465ee728b)
Start importing Assets/Prospector/_Sprites/FaceCard_13H 1.png using Guid(a0ae7d8b0eac9704cb61d7a18ec957ab) Importer(815301076,1909f56bfc062723c751e8b465ee728b)  -> (artifact id: 'b7a448e2d9d7403fe58bf84053b1f150') in 0.014087 seconds 
========================================================================
Received Import Request.
  Time since last request: 121.967877 seconds.
  path: Assets/OtherGame/Sprites/FaceCard_11C.png
  artifactKey: Guid(472e96110330c43489e54ac81afe7bdb) Importer(815301076,1909f56bfc062723c751e8b465ee728b)
Start importing Assets/OtherGame/Sprites/FaceCard_11C.png using Guid(472e96110330c43489e54ac81afe7bdb) Importer(815301076,1909f56bfc062723c751e8b465ee728b)  -> (artifact id: '4d59e0acac4fbeb0dd70f7ac00013680') in 0.016109 seconds 
========================================================================
Received Import Request.
  Time since last request: 0.000014 seconds.
  path: Assets/OtherGame/Sprites/FaceCard_13C.png
  artifactKey: Guid(ccfdc43f1d1cb0242988ca52dbe399b9) Importer(815301076,1909f56bfc062723c751e8b465ee728b)
Start importing Assets/OtherGame/Sprites/FaceCard_13C.png using Guid(ccfdc43f1d1cb0242988ca52dbe399b9) Importer(815301076,1909f56bfc062723c751e8b465ee728b)  -> (artifact id: '93238f33c387487a67f41e0e14ccf0e2') in 0.016965 seconds 
========================================================================
Received Import Request.
  Time since last request: 0.000015 seconds.
  path: Assets/OtherGame/Sprites/FaceCard_11S.png
  artifactKey: Guid(c458b839a50234642b321aa37beeb1e9) Importer(815301076,1909f56bfc062723c751e8b465ee728b)
Start importing Assets/OtherGame/Sprites/FaceCard_11S.png using Guid(c458b839a50234642b321aa37beeb1e9) Importer(815301076,1909f56bfc062723c751e8b465ee728b)  -> (artifact id: 'd834fc6f159857e2eb7068f61c5c011c') in 0.015675 seconds 
========================================================================
Received Import Request.
  Time since last request: 0.000018 seconds.
  path: Assets/OtherGame/Sprites/FaceCard_12H.png
  artifactKey: Guid(eb771e7eefea97c419d9d91c2fb7acd1) Importer(815301076,1909f56bfc062723c751e8b465ee728b)
Start importing Assets/OtherGame/Sprites/FaceCard_12H.png using Guid(eb771e7eefea97c419d9d91c2fb7acd1) Importer(815301076,1909f56bfc062723c751e8b465ee728b)  -> (artifact id: '0971fc1f00f68d594fe6d865c91b5356') in 0.014002 seconds 
========================================================================
Received Import Request.
  Time since last request: 0.000016 seconds.
  path: Assets/OtherGame/Sprites/FaceCard_13H.png
  artifactKey: Guid(0f046bc73e767e44abcbf974921f4189) Importer(815301076,1909f56bfc062723c751e8b465ee728b)
Start importing Assets/OtherGame/Sprites/FaceCard_13H.png using Guid(0f046bc73e767e44abcbf974921f4189) Importer(815301076,1909f56bfc062723c751e8b465ee728b)  -> (artifact id: '604ec1b4c471aa58bab54904b88f9395') in 0.013631 seconds 
========================================================================
Received Import Request.
  Time since last request: 0.000014 seconds.
  path: Assets/OtherGame/Sprites/FaceCard_12S.png
  artifactKey: Guid(06554d85cf9b274479380aecc3e486ea) Importer(815301076,1909f56bfc062723c751e8b465ee728b)
Start importing Assets/OtherGame/Sprites/FaceCard_12S.png using Guid(06554d85cf9b274479380aecc3e486ea) Importer(815301076,1909f56bfc062723c751e8b465ee728b)  -> (artifact id: 'f035e591bd87c87922f47e8c4d2cde0f') in 0.014615 seconds 
Editor requested this worker to shutdown with reason: Scaling down because of idle timeout
AssetImportWorker is now disconnected from the server
Process exiting
Exiting without the bug reporter. Application will terminate with return code 0