Using pre-set license
Built from '2021.3/staging' branch; Version is '2021.3.8f1 (b30333d56e81) revision 11731763'; Using compiler version '192829333'; Build Type 'Release'
OS: 'Windows 10  (10.0.19044) 64bit Core' Language: 'en' Physical Memory: 32660 MB
BatchMode: 1, IsHumanControllingUs: 0, StartBugReporterOnCrash: 0, Is64bit: 1, IsPro: 1

COMMAND LINE ARGUMENTS:
F:\Unity\2021.3.8f1\Editor\Unity.exe
-adb2
-batchMode
-noUpm
-name
AssetImportWorker0
-projectPath
C:/Users/Kaitt/Documents/GitHub/module3-cardgames-katoghoul
-logFile
Logs/AssetImportWorker0.log
-srvPort
49505
Successfully changed project path to: C:/Users/Kaitt/Documents/GitHub/module3-cardgames-katoghoul
C:/Users/Kaitt/Documents/GitHub/module3-cardgames-katoghoul
[UnityMemory] Configuration Parameters - Can be set up in boot.config
    "memorysetup-bucket-allocator-granularity=16"
    "memorysetup-bucket-allocator-bucket-count=8"
    "memorysetup-bucket-allocator-block-size=33554432"
    "memorysetup-bucket-allocator-block-count=8"
    "memorysetup-main-allocator-block-size=16777216"
    "memorysetup-thread-allocator-block-size=16777216"
    "memorysetup-gfx-main-allocator-block-size=16777216"
    "memorysetup-gfx-thread-allocator-block-size=16777216"
    "memorysetup-cache-allocator-block-size=4194304"
    "memorysetup-typetree-allocator-block-size=2097152"
    "memorysetup-profiler-bucket-allocator-granularity=16"
    "memorysetup-profiler-bucket-allocator-bucket-count=8"
    "memorysetup-profiler-bucket-allocator-block-size=33554432"
    "memorysetup-profiler-bucket-allocator-block-count=8"
    "memorysetup-profiler-allocator-block-size=16777216"
    "memorysetup-profiler-editor-allocator-block-size=1048576"
    "memorysetup-temp-allocator-size-main=16777216"
    "memorysetup-job-temp-allocator-block-size=2097152"
    "memorysetup-job-temp-allocator-block-size-background=1048576"
    "memorysetup-job-temp-allocator-reduction-small-platforms=262144"
    "memorysetup-temp-allocator-size-background-worker=32768"
    "memorysetup-temp-allocator-size-job-worker=262144"
    "memorysetup-temp-allocator-size-preload-manager=33554432"
    "memorysetup-temp-allocator-size-nav-mesh-worker=65536"
    "memorysetup-temp-allocator-size-audio-worker=65536"
    "memorysetup-temp-allocator-size-cloud-worker=32768"
    "memorysetup-temp-allocator-size-gi-baking-worker=262144"
    "memorysetup-temp-allocator-size-gfx=262144"
Refreshing native plugins compatible for Editor in 31.71 ms, found 2 plugins.
Preloading 0 native plugins for Editor in 0.00 ms.
Initialize engine version: 2021.3.8f1 (b30333d56e81)
[Subsystems] Discovering subsystems at path F:/Unity/2021.3.8f1/Editor/Data/Resources/UnitySubsystems
[Subsystems] Discovering subsystems at path C:/Users/Kaitt/Documents/GitHub/module3-cardgames-katoghoul/Assets
GfxDevice: creating device client; threaded=0; jobified=0
Direct3D:
    Version:  Direct3D 11.0 [level 11.1]
    Renderer: NVIDIA GeForce RTX 2070 SUPER (ID=0x1e84)
    Vendor:   NVIDIA
    VRAM:     8003 MB
    Driver:   31.0.15.2698
Initialize mono
Mono path[0] = 'F:/Unity/2021.3.8f1/Editor/Data/Managed'
Mono path[1] = 'F:/Unity/2021.3.8f1/Editor/Data/MonoBleedingEdge/lib/mono/unityjit-win32'
Mono config path = 'F:/Unity/2021.3.8f1/Editor/Data/MonoBleedingEdge/etc'
Using monoOptions --debugger-agent=transport=dt_socket,embedding=1,server=y,suspend=n,address=127.0.0.1:56672
Begin MonoManager ReloadAssembly
Registering precompiled unity dll's ...
Register platform support module: F:/Unity/2021.3.8f1/Editor/Data/PlaybackEngines/WebGLSupport/UnityEditor.WebGL.Extensions.dll
Register platform support module: F:/Unity/2021.3.8f1/Editor/Data/PlaybackEngines/iOSSupport/UnityEditor.iOS.Extensions.dll
Register platform support module: F:/Unity/2021.3.8f1/Editor/Data/PlaybackEngines/WindowsStandaloneSupport/UnityEditor.WindowsStandalone.Extensions.dll
Registered in 0.003195 seconds.
Native extension for WindowsStandalone target not found
[usbmuxd] Start listen thread
[usbmuxd] Listen thread started
Native extension for iOS target not found
Native extension for WebGL target not found
Refreshing native plugins compatible for Editor in 29.50 ms, found 2 plugins.
Preloading 0 native plugins for Editor in 0.00 ms.
Mono: successfully reloaded assembly
- Completed reload, in  0.523 seconds
Domain Reload Profiling:
	ReloadAssembly (524ms)
		BeginReloadAssembly (72ms)
			ExecutionOrderSort (0ms)
			DisableScriptedObjects (0ms)
			BackupInstance (0ms)
			ReleaseScriptingObjects (0ms)
			CreateAndSetChildDomain (1ms)
		EndReloadAssembly (365ms)
			LoadAssemblies (72ms)
			RebuildTransferFunctionScriptingTraits (0ms)
			SetupTypeCache (92ms)
			ReleaseScriptCaches (0ms)
			RebuildScriptCaches (25ms)
			SetupLoadedEditorAssemblies (207ms)
				LogAssemblyErrors (0ms)
				InitializePlatformSupportModulesInManaged (22ms)
				SetLoadedEditorAssemblies (0ms)
				RefreshPlugins (30ms)
				BeforeProcessingInitializeOnLoad (1ms)
				ProcessInitializeOnLoadAttributes (115ms)
				ProcessInitializeOnLoadMethodAttributes (39ms)
				AfterProcessingInitializeOnLoad (0ms)
				EditorAssembliesLoaded (0ms)
			ExecutionOrderSort2 (0ms)
			AwakeInstancesAfterBackupRestoration (0ms)
Platform modules already initialized, skipping
Registering precompiled user dll's ...
Registered in 0.006362 seconds.
Begin MonoManager ReloadAssembly
Native extension for WindowsStandalone target not found
Native extension for iOS target not found
Native extension for WebGL target not found
Refreshing native plugins compatible for Editor in 0.48 ms, found 2 plugins.
Preloading 0 native plugins for Editor in 0.00 ms.
Mono: successfully reloaded assembly
- Completed reload, in  0.820 seconds
Domain Reload Profiling:
	ReloadAssembly (821ms)
		BeginReloadAssembly (106ms)
			ExecutionOrderSort (0ms)
			DisableScriptedObjects (5ms)
			BackupInstance (0ms)
			ReleaseScriptingObjects (0ms)
			CreateAndSetChildDomain (16ms)
		EndReloadAssembly (618ms)
			LoadAssemblies (82ms)
			RebuildTransferFunctionScriptingTraits (0ms)
			SetupTypeCache (172ms)
			ReleaseScriptCaches (0ms)
			RebuildScriptCaches (39ms)
			SetupLoadedEditorAssemblies (302ms)
				LogAssemblyErrors (0ms)
				InitializePlatformSupportModulesInManaged (23ms)
				SetLoadedEditorAssemblies (0ms)
				RefreshPlugins (1ms)
				BeforeProcessingInitializeOnLoad (57ms)
				ProcessInitializeOnLoadAttributes (194ms)
				ProcessInitializeOnLoadMethodAttributes (25ms)
				AfterProcessingInitializeOnLoad (2ms)
				EditorAssembliesLoaded (0ms)
			ExecutionOrderSort2 (0ms)
			AwakeInstancesAfterBackupRestoration (7ms)
Platform modules already initialized, skipping
========================================================================
Worker process is ready to serve import requests
Launched and connected shader compiler UnityShaderCompiler.exe after 0.05 seconds
Refreshing native plugins compatible for Editor in 0.52 ms, found 2 plugins.
Preloading 0 native plugins for Editor in 0.00 ms.
Unloading 2167 Unused Serialized files (Serialized files now loaded: 0)
Unloading 24 unused Assets / (55.3 KB). Loaded Objects now: 2629.
Memory consumption went from 99.2 MB to 99.2 MB.
Total: 2.850400 ms (FindLiveObjects: 0.238000 ms CreateObjectMapping: 0.120400 ms MarkObjects: 2.432500 ms  DeleteObjects: 0.058400 ms)

AssetImportParameters requested are different than current active one (requested -> active):
  custom:video-decoder-ogg-theora: a1e56fd34408186e4bbccfd4996cb3dc -> 
  custom:container-muxer-webm: aa71ff27fc2769a1b78a27578f13a17b -> 
  custom:container-demuxer-webm: 4f35f7cbe854078d1ac9338744f61a02 -> 
  custom:video-encoder-webm-vp8: eb34c28f22e8b96e1ab97ce403110664 -> 
  custom:video-codec-MediaFoundation-h265: 746d11721c4dcdbdad8f713fa42b33f4 -> 
  custom:audio-encoder-webm-vorbis: bf7c407c2cedff20999df2af8eb42d56 -> 
  custom:framework-win-MediaFoundation: 216162199b28c13a410421893ffa2e32 -> 
  custom:container-demuxer-ogg: 62fdf1f143b41e24485cea50d1cbac27 -> 
  custom:video-decoder-webm-vp8: 9c59270c3fd7afecdb556c50c9e8de78 -> 
  custom:audio-decoder-ogg-vorbis: bf7c407c2cedff20999df2af8eb42d56 -> 
========================================================================
Received Prepare
Registering precompiled user dll's ...
Registered in 0.007835 seconds.
Begin MonoManager ReloadAssembly
Native extension for WindowsStandalone target not found
Native extension for iOS target not found
Native extension for WebGL target not found
Refreshing native plugins compatible for Editor in 0.47 ms, found 2 plugins.
Preloading 0 native plugins for Editor in 0.00 ms.
Mono: successfully reloaded assembly
- Completed reload, in  0.829 seconds
Domain Reload Profiling:
	ReloadAssembly (829ms)
		BeginReloadAssembly (128ms)
			ExecutionOrderSort (0ms)
			DisableScriptedObjects (5ms)
			BackupInstance (0ms)
			ReleaseScriptingObjects (0ms)
			CreateAndSetChildDomain (27ms)
		EndReloadAssembly (620ms)
			LoadAssemblies (94ms)
			RebuildTransferFunctionScriptingTraits (0ms)
			SetupTypeCache (188ms)
			ReleaseScriptCaches (1ms)
			RebuildScriptCaches (35ms)
			SetupLoadedEditorAssemblies (288ms)
				LogAssemblyErrors (0ms)
				InitializePlatformSupportModulesInManaged (29ms)
				SetLoadedEditorAssemblies (0ms)
				RefreshPlugins (1ms)
				BeforeProcessingInitializeOnLoad (53ms)
				ProcessInitializeOnLoadAttributes (176ms)
				ProcessInitializeOnLoadMethodAttributes (26ms)
				AfterProcessingInitializeOnLoad (3ms)
				EditorAssembliesLoaded (0ms)
			ExecutionOrderSort2 (0ms)
			AwakeInstancesAfterBackupRestoration (8ms)
Platform modules already initialized, skipping
Refreshing native plugins compatible for Editor in 1.61 ms, found 2 plugins.
Preloading 0 native plugins for Editor in 0.00 ms.
Unloading 2160 Unused Serialized files (Serialized files now loaded: 0)
Unloading 17 unused Assets / (24.6 KB). Loaded Objects now: 2632.
Memory consumption went from 98.9 MB to 98.9 MB.
Total: 2.505900 ms (FindLiveObjects: 0.235700 ms CreateObjectMapping: 0.133000 ms MarkObjects: 2.107400 ms  DeleteObjects: 0.028900 ms)

AssetImportParameters requested are different than current active one (requested -> active):
  custom:video-decoder-ogg-theora: a1e56fd34408186e4bbccfd4996cb3dc -> 
  custom:container-muxer-webm: aa71ff27fc2769a1b78a27578f13a17b -> 
  custom:container-demuxer-webm: 4f35f7cbe854078d1ac9338744f61a02 -> 
  custom:video-encoder-webm-vp8: eb34c28f22e8b96e1ab97ce403110664 -> 
  custom:video-codec-MediaFoundation-h265: 746d11721c4dcdbdad8f713fa42b33f4 -> 
  custom:audio-encoder-webm-vorbis: bf7c407c2cedff20999df2af8eb42d56 -> 
  custom:framework-win-MediaFoundation: 216162199b28c13a410421893ffa2e32 -> 
  custom:container-demuxer-ogg: 62fdf1f143b41e24485cea50d1cbac27 -> 
  custom:video-decoder-webm-vp8: 9c59270c3fd7afecdb556c50c9e8de78 -> 
  custom:audio-decoder-ogg-vorbis: bf7c407c2cedff20999df2af8eb42d56 -> 
========================================================================
Received Import Request.
  Time since last request: 170403.731259 seconds.
  path: Assets/GolfSolitaire/Golf Solitaire.unity
  artifactKey: Guid(8a69785a7c7394d1286e8e0987d1c268) Importer(815301076,1909f56bfc062723c751e8b465ee728b)
Start importing Assets/GolfSolitaire/Golf Solitaire.unity using Guid(8a69785a7c7394d1286e8e0987d1c268) Importer(815301076,1909f56bfc062723c751e8b465ee728b)  -> (artifact id: 'b088e2e4cf3c48ebd5fc647ecde57158') in 0.005101 seconds 
========================================================================
Received Import Request.
  Time since last request: 213.772179 seconds.
  path: Assets/GolfSolitaire/Resources
  artifactKey: Guid(93cb6042ced65d244a4e2c6dc7aa8b64) Importer(815301076,1909f56bfc062723c751e8b465ee728b)
Start importing Assets/GolfSolitaire/Resources using Guid(93cb6042ced65d244a4e2c6dc7aa8b64) Importer(815301076,1909f56bfc062723c751e8b465ee728b)  -> (artifact id: '4fcbe692c3403e1ea200eab9d4c70a9b') in 0.001515 seconds 
========================================================================
Received Import Request.
  Time since last request: 2.091723 seconds.
  path: Assets/GolfSolitaire/Resources/DeckXML2.xml
  artifactKey: Guid(5945663c3ea302f45af38f97541d71a1) Importer(815301076,1909f56bfc062723c751e8b465ee728b)
Start importing Assets/GolfSolitaire/Resources/DeckXML2.xml using Guid(5945663c3ea302f45af38f97541d71a1) Importer(815301076,1909f56bfc062723c751e8b465ee728b)  -> (artifact id: '1fd2ebe94a9079976a6b18e34b46a75e') in 0.029642 seconds 
========================================================================
Received Import Request.
  Time since last request: 103.232984 seconds.
  path: Assets/GolfSolitaire/Sprites/Card_Back.png
  artifactKey: Guid(32490ffbf9d2d344981c1cd5fa7141eb) Importer(815301076,1909f56bfc062723c751e8b465ee728b)
Start importing Assets/GolfSolitaire/Sprites/Card_Back.png using Guid(32490ffbf9d2d344981c1cd5fa7141eb) Importer(815301076,1909f56bfc062723c751e8b465ee728b)  -> (artifact id: 'a3abc2cec9dce6fe7a7a9e1e06535674') in 0.638014 seconds 
========================================================================
Received Import Request.
  Time since last request: 0.000040 seconds.
  path: Assets/GolfSolitaire/Sprites/FaceCard_13C.png
  artifactKey: Guid(ccfdc43f1d1cb0242988ca52dbe399b9) Importer(815301076,1909f56bfc062723c751e8b465ee728b)
Start importing Assets/GolfSolitaire/Sprites/FaceCard_13C.png using Guid(ccfdc43f1d1cb0242988ca52dbe399b9) Importer(815301076,1909f56bfc062723c751e8b465ee728b)  -> (artifact id: 'ee335a7ec8726946d671f537d39ea44a') in 0.018573 seconds 
========================================================================
Received Import Request.
  Time since last request: 0.000039 seconds.
  path: Assets/GolfSolitaire/Sprites/Diamond.png
  artifactKey: Guid(0efb6bf8afd6e1d4b87f0d1fafad0966) Importer(815301076,1909f56bfc062723c751e8b465ee728b)
Start importing Assets/GolfSolitaire/Sprites/Diamond.png using Guid(0efb6bf8afd6e1d4b87f0d1fafad0966) Importer(815301076,1909f56bfc062723c751e8b465ee728b)  -> (artifact id: '20247184264eb27a8853e9efe32f52e3') in 0.013686 seconds 
========================================================================
Received Import Request.
  Time since last request: 0.000037 seconds.
  path: Assets/GolfSolitaire/Sprites/FaceCard_13S.png
  artifactKey: Guid(a979ab6915f25c64ab8b93e3cb9cb19e) Importer(815301076,1909f56bfc062723c751e8b465ee728b)
Start importing Assets/GolfSolitaire/Sprites/FaceCard_13S.png using Guid(a979ab6915f25c64ab8b93e3cb9cb19e) Importer(815301076,1909f56bfc062723c751e8b465ee728b)  -> (artifact id: '48c7902d6191a64eade28241c3d44302') in 0.016219 seconds 
========================================================================
Received Import Request.
  Time since last request: 0.000033 seconds.
  path: Assets/GolfSolitaire/Sprites/FaceCard_11C.png
  artifactKey: Guid(472e96110330c43489e54ac81afe7bdb) Importer(815301076,1909f56bfc062723c751e8b465ee728b)
Start importing Assets/GolfSolitaire/Sprites/FaceCard_11C.png using Guid(472e96110330c43489e54ac81afe7bdb) Importer(815301076,1909f56bfc062723c751e8b465ee728b)  -> (artifact id: '8b8ddb4438381456dd9087cfaf952b24') in 0.021866 seconds 
========================================================================
Received Import Request.
  Time since last request: 0.000025 seconds.
  path: Assets/GolfSolitaire/Sprites/Club.png
  artifactKey: Guid(69741c830b96dc4469482128a1a96b89) Importer(815301076,1909f56bfc062723c751e8b465ee728b)
Start importing Assets/GolfSolitaire/Sprites/Club.png using Guid(69741c830b96dc4469482128a1a96b89) Importer(815301076,1909f56bfc062723c751e8b465ee728b)  -> (artifact id: '702ccfeaf68320057ae7ae94c0002d72') in 0.008911 seconds 
========================================================================
Received Import Request.
  Time since last request: 0.000017 seconds.
  path: Assets/GolfSolitaire/Sprites/GolfBackground.png
  artifactKey: Guid(fedd38da4b65ef543abe9a9a7dbf769e) Importer(815301076,1909f56bfc062723c751e8b465ee728b)
Start importing Assets/GolfSolitaire/Sprites/GolfBackground.png using Guid(fedd38da4b65ef543abe9a9a7dbf769e) Importer(815301076,1909f56bfc062723c751e8b465ee728b)  -> (artifact id: 'ac65f9ace7a3d6e20469d42818089f1b') in 0.010058 seconds 
========================================================================
Received Import Request.
  Time since last request: 0.000019 seconds.
  path: Assets/GolfSolitaire/Sprites/FaceCard_12D.png
  artifactKey: Guid(166fa5ec0722fb247ba3a244ab87060a) Importer(815301076,1909f56bfc062723c751e8b465ee728b)
Start importing Assets/GolfSolitaire/Sprites/FaceCard_12D.png using Guid(166fa5ec0722fb247ba3a244ab87060a) Importer(815301076,1909f56bfc062723c751e8b465ee728b)  -> (artifact id: 'd9cbceb3777fd971d195a1e2d61321d9') in 0.013775 seconds 
========================================================================
Received Import Request.
  Time since last request: 0.000020 seconds.
  path: Assets/GolfSolitaire/Sprites/FaceCard_13D.png
  artifactKey: Guid(dabd3ee31f4c2a74e94e36ff1aa33c3b) Importer(815301076,1909f56bfc062723c751e8b465ee728b)
Start importing Assets/GolfSolitaire/Sprites/FaceCard_13D.png using Guid(dabd3ee31f4c2a74e94e36ff1aa33c3b) Importer(815301076,1909f56bfc062723c751e8b465ee728b)  -> (artifact id: 'b8aa88f5f3c6ff6a69156b69f0805cf0') in 0.015847 seconds 
========================================================================
Received Import Request.
  Time since last request: 0.000019 seconds.
  path: Assets/GolfSolitaire/Sprites/FaceCard_12C.png
  artifactKey: Guid(8421516c3eed234458f11c289c6a36e7) Importer(815301076,1909f56bfc062723c751e8b465ee728b)
Start importing Assets/GolfSolitaire/Sprites/FaceCard_12C.png using Guid(8421516c3eed234458f11c289c6a36e7) Importer(815301076,1909f56bfc062723c751e8b465ee728b)  -> (artifact id: 'c2e9e69becd5aab535835a3ab7913703') in 0.015954 seconds 
========================================================================
Received Import Request.
  Time since last request: 0.000031 seconds.
  path: Assets/GolfSolitaire/Sprites/FaceCard_12S.png
  artifactKey: Guid(06554d85cf9b274479380aecc3e486ea) Importer(815301076,1909f56bfc062723c751e8b465ee728b)
Start importing Assets/GolfSolitaire/Sprites/FaceCard_12S.png using Guid(06554d85cf9b274479380aecc3e486ea) Importer(815301076,1909f56bfc062723c751e8b465ee728b)  -> (artifact id: 'c3f8cda22bce1eebadb8e1897bb91c90') in 0.016591 seconds 
========================================================================
Received Import Request.
  Time since last request: 0.000021 seconds.
  path: Assets/GolfSolitaire/Sprites/Letters.png
  artifactKey: Guid(c562e73e6d139ae4aa3d35298c74bbef) Importer(815301076,1909f56bfc062723c751e8b465ee728b)
Start importing Assets/GolfSolitaire/Sprites/Letters.png using Guid(c562e73e6d139ae4aa3d35298c74bbef) Importer(815301076,1909f56bfc062723c751e8b465ee728b)  -> (artifact id: '3d405f496ea12c230714f8710bf397e6') in 0.052243 seconds 
Editor requested this worker to shutdown with reason: Scaling down because of idle timeout
AssetImportWorker is now disconnected from the server
Process exiting
Exiting without the bug reporter. Application will terminate with return code 0